<?xml version="1.0" encoding="UTF-8"?>
<!-- Generated by org.testng.reporters.JUnitReportReporter -->
<testsuite hostname="DESKTOP-8V15BLP" failures="0" tests="4" name="Com.Patiquette.SCM.CreatingProductAndPlacingOrder" time="116.513" errors="1" timestamp="2023-07-13T16:03:49 IST" skipped="3">
  <testcase classname="Com.Patiquette.SCM.CreatingProductAndPlacingOrder" name="creatingProductAndPlacingOrderTest" time="23.903">
    <skipped/>
  </testcase> <!-- creatingProductAndPlacingOrderTest -->
  <system-out/>
  <testcase classname="Com.Patiquette.SCM.CreatingProductAndPlacingOrder" name="creatingProductAndPlacingOrderTest" time="24.948">
    <error message="Cannot locate element with text: snacks
For documentation on this error, please visit: https://www.seleniumhq.org/exceptions/no_such_element.html
Build info: version: &#039;3.141.59&#039;, revision: &#039;e82be7d358&#039;, time: &#039;2018-11-14T08:17:03&#039;
System info: host: &#039;DESKTOP-8V15BLP&#039;, ip: &#039;192.168.20.1&#039;, os.name: &#039;Windows 10&#039;, os.arch: &#039;amd64&#039;, os.version: &#039;10.0&#039;, java.version: &#039;18.0.2.1&#039;
Driver info: driver.version: unknown" type="org.openqa.selenium.NoSuchElementException">
      <![CDATA[org.openqa.selenium.NoSuchElementException: Cannot locate element with text: snacks
For documentation on this error, please visit: https://www.seleniumhq.org/exceptions/no_such_element.html
Build info: version: '3.141.59', revision: 'e82be7d358', time: '2018-11-14T08:17:03'
System info: host: 'DESKTOP-8V15BLP', ip: '192.168.20.1', os.name: 'Windows 10', os.arch: 'amd64', os.version: '10.0', java.version: '18.0.2.1'
Driver info: driver.version: unknown
at org.openqa.selenium.support.ui.Select.selectByVisibleText(Select.java:147)
at com.scm.genericUtility.WebActionUtility.select(WebActionUtility.java:216)
at com.scm.POM.AddProductsPage.createNewProduct(AddProductsPage.java:58)
at Com.Patiquette.SCM.CreatingProductAndPlacingOrder.creatingProductAndPlacingOrderTest(CreatingProductAndPlacingOrder.java:67)
at java.base/jdk.internal.reflect.DirectMethodHandleAccessor.invoke(DirectMethodHandleAccessor.java:104)
at java.base/java.lang.reflect.Method.invoke(Method.java:577)
at org.testng.internal.MethodInvocationHelper.invokeMethod(MethodInvocationHelper.java:133)
at org.testng.internal.TestInvoker.invokeMethod(TestInvoker.java:598)
at org.testng.internal.TestInvoker.retryFailed(TestInvoker.java:213)
at org.testng.internal.MethodRunner.runInSequence(MethodRunner.java:58)
at org.testng.internal.TestInvoker$MethodInvocationAgent.invoke(TestInvoker.java:824)
at org.testng.internal.TestInvoker.invokeTestMethods(TestInvoker.java:146)
at org.testng.internal.TestMethodWorker.invokeTestMethods(TestMethodWorker.java:146)
at org.testng.internal.TestMethodWorker.run(TestMethodWorker.java:128)
at java.base/java.util.ArrayList.forEach(ArrayList.java:1511)
at org.testng.TestRunner.privateRun(TestRunner.java:794)
at org.testng.TestRunner.run(TestRunner.java:596)
at org.testng.SuiteRunner.runTest(SuiteRunner.java:377)
at org.testng.SuiteRunner.runSequentially(SuiteRunner.java:371)
at org.testng.SuiteRunner.privateRun(SuiteRunner.java:332)
at org.testng.SuiteRunner.run(SuiteRunner.java:276)
at org.testng.SuiteRunnerWorker.runSuite(SuiteRunnerWorker.java:53)
at org.testng.SuiteRunnerWorker.run(SuiteRunnerWorker.java:96)
at org.testng.TestNG.runSuitesSequentially(TestNG.java:1212)
at org.testng.TestNG.runSuitesLocally(TestNG.java:1134)
at org.testng.TestNG.runSuites(TestNG.java:1063)
at org.testng.TestNG.run(TestNG.java:1031)
at org.testng.remote.AbstractRemoteTestNG.run(AbstractRemoteTestNG.java:115)
at org.testng.remote.RemoteTestNG.initAndRun(RemoteTestNG.java:251)
at org.testng.remote.RemoteTestNG.main(RemoteTestNG.java:77)
]]>
    </error>
  </testcase> <!-- creatingProductAndPlacingOrderTest -->
  <system-out/>
  <testcase classname="Com.Patiquette.SCM.CreatingProductAndPlacingOrder" name="creatingProductAndPlacingOrderTest" time="28.222">
    <skipped/>
  </testcase> <!-- creatingProductAndPlacingOrderTest -->
  <system-out/>
  <testcase classname="Com.Patiquette.SCM.CreatingProductAndPlacingOrder" name="creatingProductAndPlacingOrderTest" time="39.440">
    <skipped/>
  </testcase> <!-- creatingProductAndPlacingOrderTest -->
  <system-out/>
</testsuite> <!-- Com.Patiquette.SCM.CreatingProductAndPlacingOrder -->
